<?xml version="1.0" encoding="UTF-8"?>
<!-- Generated by org.testng.reporters.JUnitReportReporter -->
<testsuite skipped="0" hostname="01HW1079363" name="MyRunner.MyRunner" tests="1" failures="0" timestamp="02 Aug 2019 07:03:05 GMT" time="0.050" errors="0">
  <testcase name="feature" time="0.050" classname="MyRunner.MyRunner"/>
</testsuite> <!-- MyRunner.MyRunner -->
